Arguments: 
  /opt/homebrew/Cellar/node/20.3.1_1/bin/node /opt/homebrew/bin/yarn add @hookform

PATH: 
  /Library/Frameworks/Python.framework/Versions/3.11/bin:/opt/homebrew/bin:/opt/homebrew/sbin:/usr/local/bin:/System/Cryptexes/App/usr/bin:/usr/bin:/bin:/usr/sbin:/sbin:/Library/Frameworks/Python.framework/Versions/3.11/bin:/opt/homebrew/bin:/opt/homebrew/sbin:/Users/jeongjiho/.fig/bin:/Users/jeongjiho/.local/bin

Yarn version: 
  1.22.19

Node version: 
  20.3.1

Platform: 
  darwin arm64

Trace: 
  Error: https://registry.yarnpkg.com/@hookform: Request "https://registry.yarnpkg.com/@hookform" returned a 405
      at params.callback [as _callback] (/opt/homebrew/lib/node_modules/yarn/lib/cli.js:66154:18)
      at self.callback (/opt/homebrew/lib/node_modules/yarn/lib/cli.js:140890:22)
      at Request.emit (node:events:511:28)
      at Request.<anonymous> (/opt/homebrew/lib/node_modules/yarn/lib/cli.js:141862:10)
      at Request.emit (node:events:511:28)
      at IncomingMessage.<anonymous> (/opt/homebrew/lib/node_modules/yarn/lib/cli.js:141784:12)
      at Object.onceWrapper (node:events:625:28)
      at IncomingMessage.emit (node:events:523:35)
      at endReadableNT (node:internal/streams/readable:1367:12)
      at process.processTicksAndRejections (node:internal/process/task_queues:82:21)

npm manifest: 
  {
    "dependencies": {
      "@stomp/stompjs": "^7.0.0",
      "@tanstack/react-query": "^5.14.0",
      "react-hook-form": "^7.49.2",
      "socket.io-client": "^4.7.2"
    }
  }

yarn manifest: 
  No manifest

Lockfile: 
  # THIS IS AN AUTOGENERATED FILE. DO NOT EDIT THIS FILE DIRECTLY.
  # yarn lockfile v1
  
  
  "@socket.io/component-emitter@~3.1.0":
    version "3.1.0"
    resolved "https://registry.yarnpkg.com/@socket.io/component-emitter/-/component-emitter-3.1.0.tgz#96116f2a912e0c02817345b3c10751069920d553"
    integrity sha512-+9jVqKhRSpsc591z5vX+X5Yyw+he/HCB4iQ/RYxw35CEPaY1gnsNE43nf9n9AaYjAQrTiI/mOwKUKdUs9vf7Xg==
  
  "@stomp/stompjs@^7.0.0":
    version "7.0.0"
    resolved "https://registry.yarnpkg.com/@stomp/stompjs/-/stompjs-7.0.0.tgz#46b5c454a9dc8262e0b20f3b3dbacaa113993077"
    integrity sha512-fGdq4wPDnSV/KyOsjq4P+zLc8MFWC3lMmP5FBgLWKPJTYcuCbAIrnRGjB7q2jHZdYCOD5vxLuFoKIYLy5/u8Pw==
  
  "@tanstack/query-core@5.14.0":
    version "5.14.0"
    resolved "https://registry.yarnpkg.com/@tanstack/query-core/-/query-core-5.14.0.tgz#96a88030b7f104a37d42e549dd7453373ba7879f"
    integrity sha512-OEri9fVDYT8XEqgh/dc6fFp1niyqu+MDY+Vp/LwU+scdk9xQLZ7KdUMEUh/sqTEjRM5BlFzAhAv+EIYcvSxt0Q==
  
  "@tanstack/react-query@^5.14.0":
    version "5.14.0"
    resolved "https://registry.yarnpkg.com/@tanstack/react-query/-/react-query-5.14.0.tgz#d2c79ee88f473cd859b9a7885d2f5c33ca3bd749"
    integrity sha512-+qCooNZr7aGr6a0UEblfEgDSO1y+H7h7JnT4nUlbyfgCGE695lmBiqTciuW1C1Jr6J6Z2bwyd6YmBDKFKszWhA==
    dependencies:
      "@tanstack/query-core" "5.14.0"
  
  debug@~4.3.1, debug@~4.3.2:
    version "4.3.4"
    resolved "https://registry.yarnpkg.com/debug/-/debug-4.3.4.tgz#1319f6579357f2338d3337d2cdd4914bb5dcc865"
    integrity sha512-PRWFHuSU3eDtQJPvnNY7Jcket1j0t5OuOsFzPPzsekD52Zl8qUfFIPEiswXqIvHWGVHOgX+7G/vCNNhehwxfkQ==
    dependencies:
      ms "2.1.2"
  
  engine.io-client@~6.5.2:
    version "6.5.3"
    resolved "https://registry.yarnpkg.com/engine.io-client/-/engine.io-client-6.5.3.tgz#4cf6fa24845029b238f83c628916d9149c399bc5"
    integrity sha512-9Z0qLB0NIisTRt1DZ/8U2k12RJn8yls/nXMZLn+/N8hANT3TcYjKFKcwbw5zFQiN4NTde3TSY9zb79e1ij6j9Q==
    dependencies:
      "@socket.io/component-emitter" "~3.1.0"
      debug "~4.3.1"
      engine.io-parser "~5.2.1"
      ws "~8.11.0"
      xmlhttprequest-ssl "~2.0.0"
  
  engine.io-parser@~5.2.1:
    version "5.2.1"
    resolved "https://registry.yarnpkg.com/engine.io-parser/-/engine.io-parser-5.2.1.tgz#9f213c77512ff1a6cc0c7a86108a7ffceb16fcfb"
    integrity sha512-9JktcM3u18nU9N2Lz3bWeBgxVgOKpw7yhRaoxQA3FUDZzzw+9WlA6p4G4u0RixNkg14fH7EfEc/RhpurtiROTQ==
  
  ms@2.1.2:
    version "2.1.2"
    resolved "https://registry.yarnpkg.com/ms/-/ms-2.1.2.tgz#d09d1f357b443f493382a8eb3ccd183872ae6009"
    integrity sha512-sGkPx+VjMtmA6MX27oA4FBFELFCZZ4S4XqeGOXCv68tT+jb3vk/RyaKWP0PTKyWtmLSM0b+adUTEvbs1PEaH2w==
  
  react-hook-form@^7.49.2:
    version "7.49.2"
    resolved "https://registry.yarnpkg.com/react-hook-form/-/react-hook-form-7.49.2.tgz#6fb2742e1308020f26cb1915c7012b6c07b11ade"
    integrity sha512-TZcnSc17+LPPVpMRIDNVITY6w20deMdNi6iehTFLV1x8SqThXGwu93HjlUVU09pzFgZH7qZOvLMM7UYf2ShAHA==
  
  socket.io-client@^4.7.2:
    version "4.7.2"
    resolved "https://registry.yarnpkg.com/socket.io-client/-/socket.io-client-4.7.2.tgz#f2f13f68058bd4e40f94f2a1541f275157ff2c08"
    integrity sha512-vtA0uD4ibrYD793SOIAwlo8cj6haOeMHrGvwPxJsxH7CeIksqJ+3Zc06RvWTIFgiSqx4A3sOnTXpfAEE2Zyz6w==
    dependencies:
      "@socket.io/component-emitter" "~3.1.0"
      debug "~4.3.2"
      engine.io-client "~6.5.2"
      socket.io-parser "~4.2.4"
  
  socket.io-parser@~4.2.4:
    version "4.2.4"
    resolved "https://registry.yarnpkg.com/socket.io-parser/-/socket.io-parser-4.2.4.tgz#c806966cf7270601e47469ddeec30fbdfda44c83"
    integrity sha512-/GbIKmo8ioc+NIWIhwdecY0ge+qVBSMdgxGygevmdHj24bsfgtCmcUUcQ5ZzcylGFHsN3k4HB4Cgkl96KVnuew==
    dependencies:
      "@socket.io/component-emitter" "~3.1.0"
      debug "~4.3.1"
  
  ws@~8.11.0:
    version "8.11.0"
    resolved "https://registry.yarnpkg.com/ws/-/ws-8.11.0.tgz#6a0d36b8edfd9f96d8b25683db2f8d7de6e8e143"
    integrity sha512-HPG3wQd9sNQoT9xHyNCXoDUa+Xw/VevmY9FoHyQ+g+rrMn4j6FB4np7Z0OhdTgjx6MgQLK7jwSy1YecU1+4Asg==
  
  xmlhttprequest-ssl@~2.0.0:
    version "2.0.0"
    resolved "https://registry.yarnpkg.com/xmlhttprequest-ssl/-/xmlhttprequest-ssl-2.0.0.tgz#91360c86b914e67f44dce769180027c0da618c67"
    integrity sha512-QKxVRxiRACQcVuQEYFsI1hhkrMlrXHPegbbd1yn9UHOmRxY+si12nQYzri3vbzt8VdTTRviqcKxcyllFas5z2A==
